<?xml version="1.0" encoding="UTF-8"?>
<!-- Generated by org.testng.reporters.JUnitReportReporter -->
<testsuite hostname="ITEM-S138736" failures="0" tests="1" name="SumValidation" time="1.738" errors="0" timestamp="2024-01-18T21:24:33 IST" skipped="0">
  <testcase classname="SumValidation" name="SumOfCourses" time="1.738"/>
  <system-out/>
</testsuite> <!-- SumValidation -->
