<?xml version="1.0" encoding="UTF-8"?>
<!-- Generated by org.testng.reporters.JUnitReportReporter -->
<testsuite hostname="ITEM-S138736" failures="0" tests="1" name="GraphQLScript" time="2.737" errors="0" timestamp="2024-02-25T16:36:18 IST" skipped="0">
  <testcase classname="GraphQLScript" name="graphql" time="2.737"/>
  <system-out/>
</testsuite> <!-- GraphQLScript -->
