<?xml version="1.0" encoding="UTF-8"?>
<!-- Generated by org.testng.reporters.JUnitReportReporter -->
<testsuite hostname="ITEM-S138736" failures="0" tests="3" name="files.DynamicJson" time="2.808" errors="0" timestamp="2024-01-20T18:04:31 IST" skipped="0">
  <testcase classname="files.DynamicJson" name="addBook" time="0.191"/>
  <system-out/>
  <testcase classname="files.DynamicJson" name="addBook" time="2.418"/>
  <system-out/>
  <testcase classname="files.DynamicJson" name="addBook" time="0.199"/>
  <system-out/>
</testsuite> <!-- files.DynamicJson -->
